[2025-04-25T05:04:15.450+0000] {taskinstance.py:1083} INFO - Dependencies all met for <TaskInstance: user_processing.is_api_available manual__2025-04-25T05:04:13.839072+00:00 [queued]>
[2025-04-25T05:04:15.453+0000] {taskinstance.py:1083} INFO - Dependencies all met for <TaskInstance: user_processing.is_api_available manual__2025-04-25T05:04:13.839072+00:00 [queued]>
[2025-04-25T05:04:15.453+0000] {taskinstance.py:1279} INFO - 
--------------------------------------------------------------------------------
[2025-04-25T05:04:15.453+0000] {taskinstance.py:1280} INFO - Starting attempt 1 of 1
[2025-04-25T05:04:15.453+0000] {taskinstance.py:1281} INFO - 
--------------------------------------------------------------------------------
[2025-04-25T05:04:15.458+0000] {taskinstance.py:1300} INFO - Executing <Task(HttpSensor): is_api_available> on 2025-04-25 05:04:13.839072+00:00
[2025-04-25T05:04:15.460+0000] {standard_task_runner.py:55} INFO - Started process 9872 to run task
[2025-04-25T05:04:15.461+0000] {standard_task_runner.py:82} INFO - Running: ['***', 'tasks', 'run', 'user_processing', 'is_api_available', 'manual__2025-04-25T05:04:13.839072+00:00', '--job-id', '17', '--raw', '--subdir', 'DAGS_FOLDER/user_processing.py', '--cfg-path', '/tmp/tmpygmpmz69']
[2025-04-25T05:04:15.462+0000] {standard_task_runner.py:83} INFO - Job 17: Subtask is_api_available
[2025-04-25T05:04:15.483+0000] {task_command.py:388} INFO - Running <TaskInstance: user_processing.is_api_available manual__2025-04-25T05:04:13.839072+00:00 [running]> on host b08efc87d46b
[2025-04-25T05:04:15.506+0000] {taskinstance.py:1509} INFO - Exporting the following env vars:
AIRFLOW_CTX_DAG_OWNER=***
AIRFLOW_CTX_DAG_ID=user_processing
AIRFLOW_CTX_TASK_ID=is_api_available
AIRFLOW_CTX_EXECUTION_DATE=2025-04-25T05:04:13.839072+00:00
AIRFLOW_CTX_TRY_NUMBER=1
AIRFLOW_CTX_DAG_RUN_ID=manual__2025-04-25T05:04:13.839072+00:00
[2025-04-25T05:04:15.507+0000] {http.py:122} INFO - Poking: api/
[2025-04-25T05:04:15.510+0000] {base.py:73} INFO - Using connection ID 'user_api' for task execution.
[2025-04-25T05:04:15.512+0000] {taskinstance.py:1768} ERROR - Task failed with exception
Traceback (most recent call last):
  File "/home/airflow/.local/lib/python3.7/site-packages/requests/adapters.py", line 456, in send
    conn = self.get_connection(request.url, proxies)
  File "/home/airflow/.local/lib/python3.7/site-packages/requests/adapters.py", line 358, in get_connection
    conn = self.poolmanager.connection_from_url(url)
  File "/home/airflow/.local/lib/python3.7/site-packages/urllib3/poolmanager.py", line 300, in connection_from_url
    u.host, port=u.port, scheme=u.scheme, pool_kwargs=pool_kwargs
  File "/home/airflow/.local/lib/python3.7/site-packages/urllib3/poolmanager.py", line 246, in connection_from_host
    return self.connection_from_context(request_context)
  File "/home/airflow/.local/lib/python3.7/site-packages/urllib3/poolmanager.py", line 258, in connection_from_context
    raise URLSchemeUnknown(scheme)
urllib3.exceptions.URLSchemeUnknown: Not supported URL scheme ttps

During handling of the above exception, another exception occurred:

Traceback (most recent call last):
  File "/home/airflow/.local/lib/python3.7/site-packages/airflow/sensors/base.py", line 199, in execute
    poke_return = self.poke(context)
  File "/home/airflow/.local/lib/python3.7/site-packages/airflow/providers/http/sensors/http.py", line 128, in poke
    extra_options=self.extra_options,
  File "/home/airflow/.local/lib/python3.7/site-packages/airflow/providers/http/hooks/http.py", line 151, in run
    return self.run_and_check(session, prepped_request, extra_options)
  File "/home/airflow/.local/lib/python3.7/site-packages/airflow/providers/http/hooks/http.py", line 201, in run_and_check
    response = session.send(prepped_request, **send_kwargs)
  File "/home/airflow/.local/lib/python3.7/site-packages/requests/sessions.py", line 701, in send
    r = adapter.send(request, **kwargs)
  File "/home/airflow/.local/lib/python3.7/site-packages/requests/adapters.py", line 458, in send
    raise InvalidURL(e, request=request)
requests.exceptions.InvalidURL: Not supported URL scheme ttps
[2025-04-25T05:04:15.515+0000] {taskinstance.py:1323} INFO - Marking task as FAILED. dag_id=user_processing, task_id=is_api_available, execution_date=20250425T050413, start_date=20250425T050415, end_date=20250425T050415
[2025-04-25T05:04:15.518+0000] {standard_task_runner.py:105} ERROR - Failed to execute job 17 for task is_api_available (Not supported URL scheme ttps; 9872)
[2025-04-25T05:04:15.561+0000] {local_task_job.py:208} INFO - Task exited with return code 1
[2025-04-25T05:04:15.574+0000] {taskinstance.py:2578} INFO - 0 downstream tasks scheduled from follow-on schedule check
